Using pre-set license
Built from '2020.3/release' branch; Version is '2020.3.7f1 (dd97f2c94397) revision 14522354'; Using compiler version '192528614'; Build Type 'Release'
OS: 'Windows 10 Home; OS build 22000.556; Version 2009; 64bit' Language: 'en' Physical Memory: 16145 MB
BatchMode: 1, IsHumanControllingUs: 0, StartBugReporterOnCrash: 0, Is64bit: 1, IsPro: 0

 COMMAND LINE ARGUMENTS:
C:\Program Files\Unity\Hub\Editor\2020.3.7f1\Editor\Unity.exe
-adb2
-batchMode
-noUpm
-name
AssetImportWorker0
-projectPath
C:/Users/gavin/UniYear1/Unity/New-2D-Grav-Game-GDW/2D GDW PROJECT
-logFile
Logs/AssetImportWorker0.log
-srvPort
58762
Successfully changed project path to: C:/Users/gavin/UniYear1/Unity/New-2D-Grav-Game-GDW/2D GDW PROJECT
C:/Users/gavin/UniYear1/Unity/New-2D-Grav-Game-GDW/2D GDW PROJECT
Using Asset Import Pipeline V2.
Refreshing native plugins compatible for Editor in 51.46 ms, found 1 plugins.
Preloading 0 native plugins for Editor in 0.00 ms.
Initialize engine version: 2020.3.7f1 (dd97f2c94397)
[Subsystems] Discovering subsystems at path C:/Program Files/Unity/Hub/Editor/2020.3.7f1/Editor/Data/Resources/UnitySubsystems
[Subsystems] Discovering subsystems at path C:/Users/gavin/UniYear1/Unity/New-2D-Grav-Game-GDW/2D GDW PROJECT/Assets
GfxDevice: creating device client; threaded=0
Direct3D:
    Version:  Direct3D 11.0 [level 11.1]
    Renderer: NVIDIA GeForce RTX 2060 (ID=0x1f15)
    Vendor:   
    VRAM:     5980 MB
    Driver:   30.0.14.7135
Initialize mono
Mono path[0] = 'C:/Program Files/Unity/Hub/Editor/2020.3.7f1/Editor/Data/Managed'
Mono path[1] = 'C:/Program Files/Unity/Hub/Editor/2020.3.7f1/Editor/Data/MonoBleedingEdge/lib/mono/unityjit'
Mono config path = 'C:/Program Files/Unity/Hub/Editor/2020.3.7f1/Editor/Data/MonoBleedingEdge/etc'
Using monoOptions --debugger-agent=transport=dt_socket,embedding=1,server=y,suspend=n,address=127.0.0.1:56964
Begin MonoManager ReloadAssembly
Registering precompiled unity dll's ...
Register platform support module: C:/Program Files/Unity/Hub/Editor/2020.3.7f1/Editor/Data/PlaybackEngines/WindowsStandaloneSupport/UnityEditor.WindowsStandalone.Extensions.dll
Registered in 0.001688 seconds.
Native extension for WindowsStandalone target not found
Refreshing native plugins compatible for Editor in 45.87 ms, found 1 plugins.
Preloading 0 native plugins for Editor in 0.00 ms.
Mono: successfully reloaded assembly
- Completed reload, in  1.236 seconds
Platform modules already initialized, skipping
Registering precompiled user dll's ...
Registered in 0.001235 seconds.
Begin MonoManager ReloadAssembly
Native extension for WindowsStandalone target not found
Refreshing native plugins compatible for Editor in 61.83 ms, found 1 plugins.
Preloading 0 native plugins for Editor in 0.00 ms.
Mono: successfully reloaded assembly
- Completed reload, in  1.699 seconds
Platform modules already initialized, skipping
========================================================================
Worker process is ready to serve import requests
Launched and connected shader compiler UnityShaderCompiler.exe after 0.05 seconds
Refreshing native plugins compatible for Editor in 0.48 ms, found 1 plugins.
Preloading 0 native plugins for Editor in 0.00 ms.
Unloading 1963 Unused Serialized files (Serialized files now loaded: 0)
System memory in use before: 90.3 MB.
System memory in use after: 90.2 MB.

Unloading 24 unused Assets to reduce memory usage. Loaded Objects now: 2409.
Total: 2.661000 ms (FindLiveObjects: 0.319200 ms CreateObjectMapping: 0.122200 ms MarkObjects: 2.047100 ms  DeleteObjects: 0.171100 ms)

========================================================================
Received Import Request.
  path: Assets/Laboratory_Tileset (3).psd
  artifactKey: Guid(02a78affc4604864ab56f09530bd365d) Importer(815301076,1909f56bfc062723c751e8b465ee728b)
Start importing Assets/Laboratory_Tileset (3).psd using Guid(02a78affc4604864ab56f09530bd365d) Importer(815301076,1909f56bfc062723c751e8b465ee728b)  -> (artifact id: '80289a8eb64cf381dd40249f2a2549ea') in 0.128138 seconds
  Import took 0.133765 seconds .

========================================================================
Received Import Request.
  Time since last request: 14.295152 seconds.
  path: Assets/Laboratory_Tileset2.png
  artifactKey: Guid(6d87aa17f768b5246ae2b0f70feb7150) Importer(815301076,1909f56bfc062723c751e8b465ee728b)
Start importing Assets/Laboratory_Tileset2.png using Guid(6d87aa17f768b5246ae2b0f70feb7150) Importer(815301076,1909f56bfc062723c751e8b465ee728b)  -> (artifact id: 'ee500ff6f1f12b1ca0c9cdcd0809a59a') in 0.024423 seconds
  Import took 0.028738 seconds .

========================================================================
Received Import Request.
  Time since last request: 15.604643 seconds.
  path: Assets/Laboratory_Tileset2.png
  artifactKey: Guid(6d87aa17f768b5246ae2b0f70feb7150) Importer(815301076,1909f56bfc062723c751e8b465ee728b)
Start importing Assets/Laboratory_Tileset2.png using Guid(6d87aa17f768b5246ae2b0f70feb7150) Importer(815301076,1909f56bfc062723c751e8b465ee728b)  -> (artifact id: '2136a987783ed2ab1a842027edee62ac') in 0.010934 seconds
  Import took 0.014916 seconds .

========================================================================
Received Import Request.
  Time since last request: 20.779447 seconds.
  path: Assets/Laboratory_Tileset2.png
  artifactKey: Guid(6d87aa17f768b5246ae2b0f70feb7150) Importer(815301076,1909f56bfc062723c751e8b465ee728b)
Start importing Assets/Laboratory_Tileset2.png using Guid(6d87aa17f768b5246ae2b0f70feb7150) Importer(815301076,1909f56bfc062723c751e8b465ee728b)  -> (artifact id: 'ae3f71cf236f51d6620c000874fb7eee') in 0.039796 seconds
  Import took 0.047842 seconds .

AssetImportWorkerClient::OnTransportError - code=2 error=End of file
